2022-11-14 18:38:13,342 _logging.logger[41060] INFO: info
2022-11-14 18:38:13,342 _logging.logger[41060] INFO: info
2022-11-14 18:38:13,351 _logging.logger[41060] WARNING: warning
2022-11-14 18:38:13,351 _logging.logger[41060] WARNING: warning
2022-11-14 18:38:13,353 _logging.logger[41060] ERROR: error
2022-11-14 18:38:13,353 _logging.logger[41060] ERROR: error
2022-11-14 18:38:13,356 _logging.logger[41060] CRITICAL: critical
2022-11-14 18:38:13,356 _logging.logger[41060] CRITICAL: critical
2022-11-14 18:39:08,900 _logging.logger[41587] INFO: info
2022-11-14 18:39:08,901 _logging.logger[41587] WARNING: warning
2022-11-14 18:39:08,902 _logging.logger[41587] ERROR: error
2022-11-14 18:39:08,902 _logging.logger[41587] CRITICAL: critical
2022-11-14 18:39:36,957 _logging.logger[41587] DEBUG: debug
2022-11-14 18:39:36,957 _logging.logger[41587] DEBUG: debug
2022-11-14 18:39:36,961 _logging.logger[41587] INFO: info
2022-11-14 18:39:36,961 _logging.logger[41587] INFO: info
2022-11-14 18:39:36,962 _logging.logger[41587] WARNING: warning
2022-11-14 18:39:36,962 _logging.logger[41587] WARNING: warning
2022-11-14 18:39:36,965 _logging.logger[41587] ERROR: error
2022-11-14 18:39:36,965 _logging.logger[41587] ERROR: error
2022-11-14 18:39:36,966 _logging.logger[41587] CRITICAL: critical
2022-11-14 18:39:36,966 _logging.logger[41587] CRITICAL: critical
2022-11-14 18:39:42,930 _logging.logger[41639] DEBUG: debug
2022-11-14 18:39:42,950 _logging.logger[41639] INFO: info
2022-11-14 18:39:42,971 _logging.logger[41639] WARNING: warning
2022-11-14 18:39:42,993 _logging.logger[41639] ERROR: error
2022-11-14 18:39:43,015 _logging.logger[41639] CRITICAL: critical
2022-11-14 18:39:45,074 _logging.logger[41639] DEBUG: debug
2022-11-14 18:39:45,097 _logging.logger[41639] INFO: info
2022-11-14 18:39:45,099 _logging.logger[41639] WARNING: warning
2022-11-14 18:39:45,100 _logging.logger[41639] ERROR: error
2022-11-14 18:39:45,106 _logging.logger[41639] CRITICAL: critical
